0 info it worked if it ends with ok
1 verbose cli [ '/usr/bin/nodejs', '/usr/bin/npm', 'start' ]
2 info using npm@3.8.3
3 info using node@v5.10.1
4 verbose run-script [ 'prestart', 'start', 'poststart' ]
5 info lifecycle SFIS@0.0.1~prestart: SFIS@0.0.1
6 silly lifecycle SFIS@0.0.1~prestart: no script for prestart, continuing
7 info lifecycle SFIS@0.0.1~start: SFIS@0.0.1
8 verbose lifecycle SFIS@0.0.1~start: unsafe-perm in lifecycle true
9 verbose lifecycle SFIS@0.0.1~start: PATH: /usr/lib/node_modules/npm/bin/node-gyp-bin:/usr/share/nginx/html/SFIS/node_modules/.bin:/usr/bin:/usr/local/sbin:/usr/local/bin:/usr/sbin:/usr/bin:/sbin:/bin:/usr/games:/usr/local/games
10 verbose lifecycle SFIS@0.0.1~start: CWD: /usr/share/nginx/html/SFIS
11 silly lifecycle SFIS@0.0.1~start: Args: [ '-c', 'nodeServer.js' ]
12 info lifecycle SFIS@0.0.1~start: Failed to exec start script
13 verbose stack Error: SFIS@0.0.1 start: `nodeServer.js`
13 verbose stack spawn ENOENT
13 verbose stack     at ChildProcess.<anonymous> (/usr/lib/node_modules/npm/lib/utils/spawn.js:17:16)
13 verbose stack     at emitTwo (events.js:100:13)
13 verbose stack     at ChildProcess.emit (events.js:185:7)
13 verbose stack     at maybeClose (internal/child_process.js:850:16)
13 verbose stack     at Process.ChildProcess._handle.onexit (internal/child_process.js:215:5)
14 verbose pkgid SFIS@0.0.1
15 verbose cwd /usr/share/nginx/html/SFIS
16 error Linux 3.13.0-71-generic
17 error argv "/usr/bin/nodejs" "/usr/bin/npm" "start"
18 error node v5.10.1
19 error npm  v3.8.3
20 error file sh
21 error code ELIFECYCLE
22 error errno ENOENT
23 error syscall spawn
24 error SFIS@0.0.1 start: `nodeServer.js`
24 error spawn ENOENT
25 error Failed at the SFIS@0.0.1 start script 'nodeServer.js'.
25 error Make sure you have the latest version of node.js and npm installed.
25 error If you do, this is most likely a problem with the SFIS package,
25 error not with npm itself.
25 error Tell the author that this fails on your system:
25 error     nodeServer.js
25 error You can get information on how to open an issue for this project with:
25 error     npm bugs SFIS
25 error Or if that isn't available, you can get their info via:
25 error     npm owner ls SFIS
25 error There is likely additional logging output above.
26 verbose exit [ 1, true ]
